  agent.cpp
  basic.cpp
E:\My program\Chase\GroupChaseEscapeYPZSingle\basic.cpp(51,46): warning C4244: “参数”: 从“float”转换到“int”，可能丢失数据
E:\My program\Chase\GroupChaseEscapeYPZSingle\basic.cpp(51,41): warning C4244: “参数”: 从“float”转换到“int”，可能丢失数据
E:\My program\Chase\GroupChaseEscapeYPZSingle\basic.cpp(51,26): warning C4244: “参数”: 从“float”转换到“int”，可能丢失数据
E:\My program\Chase\GroupChaseEscapeYPZSingle\basic.cpp(58,42): warning C4244: “参数”: 从“float”转换到“int”，可能丢失数据
E:\My program\Chase\GroupChaseEscapeYPZSingle\basic.cpp(58,37): warning C4244: “参数”: 从“float”转换到“int”，可能丢失数据
E:\My program\Chase\GroupChaseEscapeYPZSingle\basic.cpp(58,24): warning C4244: “参数”: 从“float”转换到“int”，可能丢失数据
E:\My program\Chase\GroupChaseEscapeYPZSingle\basic.cpp(82,71): warning C4244: “参数”: 从“float”转换到“int”，可能丢失数据
E:\My program\Chase\GroupChaseEscapeYPZSingle\basic.cpp(82,65): warning C4244: “参数”: 从“float”转换到“int”，可能丢失数据
E:\My program\Chase\GroupChaseEscapeYPZSingle\basic.cpp(82,38): warning C4244: “参数”: 从“float”转换到“int”，可能丢失数据
E:\My program\Chase\GroupChaseEscapeYPZSingle\basic.cpp(85,70): warning C4244: “参数”: 从“float”转换到“int”，可能丢失数据
E:\My program\Chase\GroupChaseEscapeYPZSingle\basic.cpp(85,64): warning C4244: “参数”: 从“float”转换到“int”，可能丢失数据
E:\My program\Chase\GroupChaseEscapeYPZSingle\basic.cpp(85,38): warning C4244: “参数”: 从“float”转换到“int”，可能丢失数据
E:\My program\Chase\GroupChaseEscapeYPZSingle\basic.cpp(97,64): warning C4244: “参数”: 从“float”转换到“int”，可能丢失数据
E:\My program\Chase\GroupChaseEscapeYPZSingle\basic.cpp(97,58): warning C4244: “参数”: 从“float”转换到“int”，可能丢失数据
E:\My program\Chase\GroupChaseEscapeYPZSingle\basic.cpp(97,35): warning C4244: “参数”: 从“float”转换到“int”，可能丢失数据
E:\My program\Chase\GroupChaseEscapeYPZSingle\basic.cpp(100,64): warning C4244: “参数”: 从“float”转换到“int”，可能丢失数据
E:\My program\Chase\GroupChaseEscapeYPZSingle\basic.cpp(100,59): warning C4244: “参数”: 从“float”转换到“int”，可能丢失数据
E:\My program\Chase\GroupChaseEscapeYPZSingle\basic.cpp(100,36): warning C4244: “参数”: 从“float”转换到“int”，可能丢失数据
E:\My program\Chase\GroupChaseEscapeYPZSingle\basic.cpp(105,67): warning C4244: “参数”: 从“float”转换到“int”，可能丢失数据
E:\My program\Chase\GroupChaseEscapeYPZSingle\basic.cpp(105,60): warning C4244: “参数”: 从“float”转换到“int”，可能丢失数据
E:\My program\Chase\GroupChaseEscapeYPZSingle\basic.cpp(105,36): warning C4244: “参数”: 从“float”转换到“int”，可能丢失数据
  hunter.cpp
E:\My program\Chase\GroupChaseEscapeYPZSingle\hunter.cpp(34,22): warning C4244: “=”: 从“double”转换到“float”，可能丢失数据
E:\My program\Chase\GroupChaseEscapeYPZSingle\hunter.cpp(56,24): warning C4244: “=”: 从“double”转换到“float”，可能丢失数据
  prey.cpp
E:\My program\Chase\GroupChaseEscapeYPZSingle\prey.cpp(42,22): warning C4244: “=”: 从“double”转换到“float”，可能丢失数据
E:\My program\Chase\GroupChaseEscapeYPZSingle\prey.cpp(74,26): warning C4244: “=”: 从“double”转换到“float”，可能丢失数据
  seqAndMin.cpp
E:\My program\Chase\GroupChaseEscapeYPZSingle\seqAndMin.cpp(209,17): warning C4244: “=”: 从“double”转换到“float”，可能丢失数据
E:\My program\Chase\GroupChaseEscapeYPZSingle\seqAndMin.cpp(186,8): warning C4101: “theAngle”: 未引用的局部变量
  正在生成代码...
  GroupChaseEscapeYPZ.vcxproj -> E:\My program\Chase\GroupChaseEscapeYPZSingle\Debug\GroupChaseEscapeYPZ.exe
